This file contains any messages produced by compilers while
running configure, to aid debugging if configure makes a mistake.

It was created by gaul-devel configure 0.1850-0, which was
generated by GNU Autoconf 2.59.  Invocation command line was

  $ ./configure --no-create --no-recursion

## --------- ##
## Platform. ##
## --------- ##

hostname = localhost.localdomain
uname -m = x86_64
uname -r = 2.6.14-1.1696_FC5
uname -s = Linux
uname -v = #1 SMP Sat Nov 19 19:00:28 EST 2005

/usr/bin/uname -p = unknown
/bin/uname -X     = unknown

/bin/arch              = x86_64
/usr/bin/arch -k       = unknown
/usr/convex/getsysinfo = unknown
hostinfo               = unknown
/bin/machine           = unknown
/usr/bin/oslevel       = unknown
/bin/universe          = unknown

PATH: /usr/kerberos/bin
PATH: /usr/local/bin
PATH: /usr/bin
PATH: /bin
PATH: /usr/X11R6/bin


## ----------- ##
## Core tests. ##
## ----------- ##

configure:1565: checking build system type
configure:1583: result: x86_64-redhat-linux-gnu
configure:1591: checking host system type
configure:1605: result: x86_64-redhat-linux-gnu
configure:1613: checking target system type
configure:1627: result: x86_64-redhat-linux-gnu
configure:1718: checking for a BSD-compatible install
configure:1773: result: /usr/bin/install -c
configure:1784: checking whether build environment is sane
configure:1827: result: yes
configure:1892: checking for gawk
configure:1908: found /usr/bin/gawk
configure:1918: result: gawk
configure:1928: checking whether make sets $(MAKE)
configure:1948: result: yes
configure:2155: checking for gcc
configure:2171: found /usr/bin/gcc
configure:2181: result: gcc
configure:2425: checking for C compiler version
configure:2428: gcc --version </dev/null >&5
gcc (GCC) 4.1.0 20060106 (Red Hat 4.1.0-0.14)
Copyright (C) 2005 Free Software Foundation, Inc.
This is free software; see the source for copying conditions.  There is NO
warranty; not even for MERCHANTABILITY or FITNESS FOR A PARTICULAR PURPOSE.

configure:2431: $? = 0
configure:2433: gcc -v </dev/null >&5
Using built-in specs.
Target: x86_64-redhat-linux
Configured with: ../configure --prefix=/usr --mandir=/usr/share/man --infodir=/usr/share/info --enable-shared --enable-threads=posix --enable-checking=release --with-system-zlib --enable-__cxa_atexit --disable-libunwind-exceptions --enable-libgcj-multifile --enable-languages=c,c++,objc,obj-c++,java,fortran,ada --enable-java-awt=gtk --disable-dssi --with-java-home=/usr/lib/jvm/java-1.4.2-gcj-1.4.2.0/jre --host=x86_64-redhat-linux
Thread model: posix
gcc version 4.1.0 20060106 (Red Hat 4.1.0-0.14)
configure:2436: $? = 0
configure:2438: gcc -V </dev/null >&5
gcc: '-V' option must have argument
configure:2441: $? = 1
configure:2464: checking for C compiler default output file name
configure:2467: gcc    conftest.c  >&5
configure:2470: $? = 0
configure:2516: result: a.out
configure:2521: checking whether the C compiler works
configure:2527: ./a.out
configure:2530: $? = 0
configure:2547: result: yes
configure:2554: checking whether we are cross compiling
configure:2556: result: no
configure:2559: checking for suffix of executables
configure:2561: gcc -o conftest    conftest.c  >&5
configure:2564: $? = 0
configure:2589: result: 
configure:2595: checking for suffix of object files
configure:2616: gcc -c   conftest.c >&5
configure:2619: $? = 0
configure:2641: result: o
configure:2645: checking whether we are using the GNU C compiler
configure:2669: gcc -c   conftest.c >&5
configure:2675: $? = 0
configure:2679: test -z 
			 || test ! -s conftest.err
configure:2682: $? = 0
configure:2685: test -s conftest.o
configure:2688: $? = 0
configure:2701: result: yes
configure:2707: checking whether gcc accepts -g
configure:2728: gcc -c -g  conftest.c >&5
configure:2734: $? = 0
configure:2738: test -z 
			 || test ! -s conftest.err
configure:2741: $? = 0
configure:2744: test -s conftest.o
configure:2747: $? = 0
configure:2758: result: yes
configure:2775: checking for gcc option to accept ANSI C
configure:2845: gcc  -c -g -O2  conftest.c >&5
configure:2851: $? = 0
configure:2855: test -z 
			 || test ! -s conftest.err
configure:2858: $? = 0
configure:2861: test -s conftest.o
configure:2864: $? = 0
configure:2882: result: none needed
configure:2900: gcc -c -g -O2  conftest.c >&5
conftest.c:2: error: expected '=', ',', ';', 'asm' or '__attribute__' before 'me'
configure:2906: $? = 1
configure: failed program was:
| #ifndef __cplusplus
|   choke me
| #endif
configure:3050: checking for style of include used by make
configure:3078: result: GNU
configure:3106: checking dependency style of gcc
configure:3196: result: gcc3
configure:3226: checking for a BSD-compatible install
configure:3281: result: /usr/bin/install -c
configure:3368: checking for a sed that does not truncate output
configure:3422: result: /bin/sed
configure:3425: checking for egrep
configure:3435: result: grep -E
configure:3451: checking for ld used by gcc
configure:3518: result: /usr/bin/ld
configure:3527: checking if the linker (/usr/bin/ld) is GNU ld
configure:3542: result: yes
configure:3547: checking for /usr/bin/ld option to reload object files
configure:3554: result: -r
configure:3572: checking for BSD-compatible nm
configure:3621: result: /usr/bin/nm -B
configure:3625: checking whether ln -s works
configure:3629: result: yes
configure:3636: checking how to recognise dependent libraries
configure:3812: result: pass_all
configure:3900: gcc -c -g -O2  conftest.c >&5
configure:3903: $? = 0
configure:4291: checking how to run the C preprocessor
configure:4326: gcc -E  conftest.c
configure:4332: $? = 0
configure:4364: gcc -E  conftest.c
conftest.c:16:28: error: ac_nonexistent.h: No such file or directory
configure:4370: $? = 1
configure: failed program was:
| /* confdefs.h.  */
| 
| #define PACKAGE_NAME "gaul-devel"
| #define PACKAGE_TARNAME "gaul-devel"
| #define PACKAGE_VERSION "0.1850-0"
| #define PACKAGE_STRING "gaul-devel 0.1850-0"
| #define PACKAGE_BUGREPORT "gaul@linux-domain.com"
| #define GA_MAJOR_VERSION 0
| #define GA_MINOR_VERSION 1850
| #define GA_LT_MINOR_VERSION 50
| #define GA_PATCH_VERSION 0
| #define GA_UNAME_STRING "Linux localhost.localdomain 2.6.14-1.1696_FC5 #1 SMP Sat Nov 19 19:00:28 EST 2005 x86_64 x86_64 x86_64 GNU/Linux"
| #define GA_BUILD_DATE_STRING "05/10/06"
| #define GA_VERSION_STRING "0.1850-0"
| /* end confdefs.h.  */
| #include <ac_nonexistent.h>
configure:4409: result: gcc -E
configure:4433: gcc -E  conftest.c
configure:4439: $? = 0
configure:4471: gcc -E  conftest.c
conftest.c:16:28: error: ac_nonexistent.h: No such file or directory
configure:4477: $? = 1
configure: failed program was:
| /* confdefs.h.  */
| 
| #define PACKAGE_NAME "gaul-devel"
| #define PACKAGE_TARNAME "gaul-devel"
| #define PACKAGE_VERSION "0.1850-0"
| #define PACKAGE_STRING "gaul-devel 0.1850-0"
| #define PACKAGE_BUGREPORT "gaul@linux-domain.com"
| #define GA_MAJOR_VERSION 0
| #define GA_MINOR_VERSION 1850
| #define GA_LT_MINOR_VERSION 50
| #define GA_PATCH_VERSION 0
| #define GA_UNAME_STRING "Linux localhost.localdomain 2.6.14-1.1696_FC5 #1 SMP Sat Nov 19 19:00:28 EST 2005 x86_64 x86_64 x86_64 GNU/Linux"
| #define GA_BUILD_DATE_STRING "05/10/06"
| #define GA_VERSION_STRING "0.1850-0"
| /* end confdefs.h.  */
| #include <ac_nonexistent.h>
configure:4521: checking for ANSI C header files
configure:4546: gcc -c -g -O2  conftest.c >&5
configure:4552: $? = 0
configure:4556: test -z 
			 || test ! -s conftest.err
configure:4559: $? = 0
configure:4562: test -s conftest.o
configure:4565: $? = 0
configure:4654: gcc -o conftest -g -O2   conftest.c  >&5
conftest.c: In function 'main':
conftest.c:33: warning: incompatible implicit declaration of built-in function 'exit'
configure:4657: $? = 0
configure:4659: ./conftest
configure:4662: $? = 0
configure:4677: result: yes
configure:4701: checking for sys/types.h
configure:4717: gcc -c -g -O2  conftest.c >&5
configure:4723: $? = 0
configure:4727: test -z 
			 || test ! -s conftest.err
configure:4730: $? = 0
configure:4733: test -s conftest.o
configure:4736: $? = 0
configure:4747: result: yes
configure:4701: checking for sys/stat.h
configure:4717: gcc -c -g -O2  conftest.c >&5
configure:4723: $? = 0
configure:4727: test -z 
			 || test ! -s conftest.err
configure:4730: $? = 0
configure:4733: test -s conftest.o
configure:4736: $? = 0
configure:4747: result: yes
configure:4701: checking for stdlib.h
configure:4717: gcc -c -g -O2  conftest.c >&5
configure:4723: $? = 0
configure:4727: test -z 
			 || test ! -s conftest.err
configure:4730: $? = 0
configure:4733: test -s conftest.o
configure:4736: $? = 0
configure:4747: result: yes
configure:4701: checking for string.h
configure:4717: gcc -c -g -O2  conftest.c >&5
configure:4723: $? = 0
configure:4727: test -z 
			 || test ! -s conftest.err
configure:4730: $? = 0
configure:4733: test -s conftest.o
configure:4736: $? = 0
configure:4747: result: yes
configure:4701: checking for memory.h
configure:4717: gcc -c -g -O2  conftest.c >&5
configure:4723: $? = 0
configure:4727: test -z 
			 || test ! -s conftest.err
configure:4730: $? = 0
configure:4733: test -s conftest.o
configure:4736: $? = 0
configure:4747: result: yes
configure:4701: checking for strings.h
configure:4717: gcc -c -g -O2  conftest.c >&5
configure:4723: $? = 0
configure:4727: test -z 
			 || test ! -s conftest.err
configure:4730: $? = 0
configure:4733: test -s conftest.o
configure:4736: $? = 0
configure:4747: result: yes
configure:4701: checking for inttypes.h
configure:4717: gcc -c -g -O2  conftest.c >&5
configure:4723: $? = 0
configure:4727: test -z 
			 || test ! -s conftest.err
configure:4730: $? = 0
configure:4733: test -s conftest.o
configure:4736: $? = 0
configure:4747: result: yes
configure:4701: checking for stdint.h
configure:4717: gcc -c -g -O2  conftest.c >&5
configure:4723: $? = 0
configure:4727: test -z 
			 || test ! -s conftest.err
configure:4730: $? = 0
configure:4733: test -s conftest.o
configure:4736: $? = 0
configure:4747: result: yes
configure:4701: checking for unistd.h
configure:4717: gcc -c -g -O2  conftest.c >&5
configure:4723: $? = 0
configure:4727: test -z 
			 || test ! -s conftest.err
configure:4730: $? = 0
configure:4733: test -s conftest.o
configure:4736: $? = 0
configure:4747: result: yes
configure:4773: checking dlfcn.h usability
configure:4785: gcc -c -g -O2  conftest.c >&5
configure:4791: $? = 0
configure:4795: test -z 
			 || test ! -s conftest.err
configure:4798: $? = 0
configure:4801: test -s conftest.o
configure:4804: $? = 0
configure:4814: result: yes
configure:4818: checking dlfcn.h presence
configure:4828: gcc -E  conftest.c
configure:4834: $? = 0
configure:4854: result: yes
configure:4889: checking for dlfcn.h
configure:4896: result: yes
configure:4961: checking for g++
configure:4977: found /usr/bin/g++
configure:4987: result: g++
configure:5003: checking for C++ compiler version
configure:5006: g++ --version </dev/null >&5
g++ (GCC) 4.1.0 20060106 (Red Hat 4.1.0-0.14)
Copyright (C) 2005 Free Software Foundation, Inc.
This is free software; see the source for copying conditions.  There is NO
warranty; not even for MERCHANTABILITY or FITNESS FOR A PARTICULAR PURPOSE.

configure:5009: $? = 0
configure:5011: g++ -v </dev/null >&5
Using built-in specs.
Target: x86_64-redhat-linux
Configured with: ../configure --prefix=/usr --mandir=/usr/share/man --infodir=/usr/share/info --enable-shared --enable-threads=posix --enable-checking=release --with-system-zlib --enable-__cxa_atexit --disable-libunwind-exceptions --enable-libgcj-multifile --enable-languages=c,c++,objc,obj-c++,java,fortran,ada --enable-java-awt=gtk --disable-dssi --with-java-home=/usr/lib/jvm/java-1.4.2-gcj-1.4.2.0/jre --host=x86_64-redhat-linux
Thread model: posix
gcc version 4.1.0 20060106 (Red Hat 4.1.0-0.14)
configure:5014: $? = 0
configure:5016: g++ -V </dev/null >&5
g++: '-V' option must have argument
configure:5019: $? = 1
configure:5022: checking whether we are using the GNU C++ compiler
configure:5046: g++ -c   conftest.cc >&5
configure:5052: $? = 0
configure:5056: test -z 
			 || test ! -s conftest.err
configure:5059: $? = 0
configure:5062: test -s conftest.o
configure:5065: $? = 0
configure:5078: result: yes
configure:5084: checking whether g++ accepts -g
configure:5105: g++ -c -g  conftest.cc >&5
configure:5111: $? = 0
configure:5115: test -z 
			 || test ! -s conftest.err
configure:5118: $? = 0
configure:5121: test -s conftest.o
configure:5124: $? = 0
configure:5135: result: yes
configure:5177: g++ -c -g -O2  conftest.cc >&5
configure:5183: $? = 0
configure:5187: test -z 
			 || test ! -s conftest.err
configure:5190: $? = 0
configure:5193: test -s conftest.o
configure:5196: $? = 0
configure:5222: g++ -c -g -O2  conftest.cc >&5
conftest.cc: In function 'int main()':
conftest.cc:31: error: 'exit' was not declared in this scope
configure:5228: $? = 1
configure: failed program was:
| /* confdefs.h.  */
| 
| #define PACKAGE_NAME "gaul-devel"
| #define PACKAGE_TARNAME "gaul-devel"
| #define PACKAGE_VERSION "0.1850-0"
| #define PACKAGE_STRING "gaul-devel 0.1850-0"
| #define PACKAGE_BUGREPORT "gaul@linux-domain.com"
| #define GA_MAJOR_VERSION 0
| #define GA_MINOR_VERSION 1850
| #define GA_LT_MINOR_VERSION 50
| #define GA_PATCH_VERSION 0
| #define GA_UNAME_STRING "Linux localhost.localdomain 2.6.14-1.1696_FC5 #1 SMP Sat Nov 19 19:00:28 EST 2005 x86_64 x86_64 x86_64 GNU/Linux"
| #define GA_BUILD_DATE_STRING "05/10/06"
| #define GA_VERSION_STRING "0.1850-0"
| #define STDC_HEADERS 1
| #define HAVE_SYS_TYPES_H 1
| #define HAVE_SYS_STAT_H 1
| #define HAVE_STDLIB_H 1
| #define HAVE_STRING_H 1
| #define HAVE_MEMORY_H 1
| #define HAVE_STRINGS_H 1
| #define HAVE_INTTYPES_H 1
| #define HAVE_STDINT_H 1
| #define HAVE_UNISTD_H 1
| #define HAVE_DLFCN_H 1
| /* end confdefs.h.  */
| 
| int
| main ()
| {
| exit (42);
|   ;
|   return 0;
| }
configure:5177: g++ -c -g -O2  conftest.cc >&5
configure:5183: $? = 0
configure:5187: test -z 
			 || test ! -s conftest.err
configure:5190: $? = 0
configure:5193: test -s conftest.o
configure:5196: $? = 0
configure:5222: g++ -c -g -O2  conftest.cc >&5
configure:5228: $? = 0
configure:5232: test -z 
			 || test ! -s conftest.err
configure:5235: $? = 0
configure:5238: test -s conftest.o
configure:5241: $? = 0
configure:5266: checking dependency style of g++
configure:5356: result: gcc3
configure:5383: checking how to run the C++ preprocessor
configure:5414: g++ -E  conftest.cc
configure:5420: $? = 0
configure:5452: g++ -E  conftest.cc
conftest.cc:30:28: error: ac_nonexistent.h: No such file or directory
configure:5458: $? = 1
configure: failed program was:
| /* confdefs.h.  */
| 
| #define PACKAGE_NAME "gaul-devel"
| #define PACKAGE_TARNAME "gaul-devel"
| #define PACKAGE_VERSION "0.1850-0"
| #define PACKAGE_STRING "gaul-devel 0.1850-0"
| #define PACKAGE_BUGREPORT "gaul@linux-domain.com"
| #define GA_MAJOR_VERSION 0
| #define GA_MINOR_VERSION 1850
| #define GA_LT_MINOR_VERSION 50
| #define GA_PATCH_VERSION 0
| #define GA_UNAME_STRING "Linux localhost.localdomain 2.6.14-1.1696_FC5 #1 SMP Sat Nov 19 19:00:28 EST 2005 x86_64 x86_64 x86_64 GNU/Linux"
| #define GA_BUILD_DATE_STRING "05/10/06"
| #define GA_VERSION_STRING "0.1850-0"
| #define STDC_HEADERS 1
| #define HAVE_SYS_TYPES_H 1
| #define HAVE_SYS_STAT_H 1
| #define HAVE_STDLIB_H 1
| #define HAVE_STRING_H 1
| #define HAVE_MEMORY_H 1
| #define HAVE_STRINGS_H 1
| #define HAVE_INTTYPES_H 1
| #define HAVE_STDINT_H 1
| #define HAVE_UNISTD_H 1
| #define HAVE_DLFCN_H 1
| #ifdef __cplusplus
| extern "C" void std::exit (int) throw (); using std::exit;
| #endif
| /* end confdefs.h.  */
| #include <ac_nonexistent.h>
configure:5497: result: g++ -E
configure:5521: g++ -E  conftest.cc
configure:5527: $? = 0
configure:5559: g++ -E  conftest.cc
conftest.cc:30:28: error: ac_nonexistent.h: No such file or directory
configure:5565: $? = 1
configure: failed program was:
| /* confdefs.h.  */
| 
| #define PACKAGE_NAME "gaul-devel"
| #define PACKAGE_TARNAME "gaul-devel"
| #define PACKAGE_VERSION "0.1850-0"
| #define PACKAGE_STRING "gaul-devel 0.1850-0"
| #define PACKAGE_BUGREPORT "gaul@linux-domain.com"
| #define GA_MAJOR_VERSION 0
| #define GA_MINOR_VERSION 1850
| #define GA_LT_MINOR_VERSION 50
| #define GA_PATCH_VERSION 0
| #define GA_UNAME_STRING "Linux localhost.localdomain 2.6.14-1.1696_FC5 #1 SMP Sat Nov 19 19:00:28 EST 2005 x86_64 x86_64 x86_64 GNU/Linux"
| #define GA_BUILD_DATE_STRING "05/10/06"
| #define GA_VERSION_STRING "0.1850-0"
| #define STDC_HEADERS 1
| #define HAVE_SYS_TYPES_H 1
| #define HAVE_SYS_STAT_H 1
| #define HAVE_STDLIB_H 1
| #define HAVE_STRING_H 1
| #define HAVE_MEMORY_H 1
| #define HAVE_STRINGS_H 1
| #define HAVE_INTTYPES_H 1
| #define HAVE_STDINT_H 1
| #define HAVE_UNISTD_H 1
| #define HAVE_DLFCN_H 1
| #ifdef __cplusplus
| extern "C" void std::exit (int) throw (); using std::exit;
| #endif
| /* end confdefs.h.  */
| #include <ac_nonexistent.h>
configure:5662: checking for g77
configure:5691: result: no
configure:5662: checking for f77
configure:5691: result: no
configure:5662: checking for xlf
configure:5691: result: no
configure:5662: checking for frt
configure:5691: result: no
configure:5662: checking for pgf77
configure:5691: result: no
configure:5662: checking for fort77
configure:5691: result: no
configure:5662: checking for fl32
configure:5691: result: no
configure:5662: checking for af77
configure:5691: result: no
configure:5662: checking for f90
configure:5691: result: no
configure:5662: checking for xlf90
configure:5691: result: no
configure:5662: checking for pgf90
configure:5691: result: no
configure:5662: checking for epcf90
configure:5691: result: no
configure:5662: checking for f95
configure:5691: result: no
configure:5662: checking for fort
configure:5691: result: no
configure:5662: checking for xlf95
configure:5691: result: no
configure:5662: checking for ifc
configure:5691: result: no
configure:5662: checking for efc
configure:5691: result: no
configure:5662: checking for pgf95
configure:5691: result: no
configure:5662: checking for lf95
configure:5691: result: no
configure:5662: checking for gfortran
configure:5691: result: no
configure:5703: checking for Fortran 77 compiler version
configure:5706:  --version </dev/null >&5
./configure: line 5707: --version: command not found
configure:5709: $? = 127
configure:5711:  -v </dev/null >&5
./configure: line 5712: -v: command not found
configure:5714: $? = 127
configure:5716:  -V </dev/null >&5
./configure: line 5717: -V: command not found
configure:5719: $? = 127
configure:5727: checking whether we are using the GNU Fortran 77 compiler
configure:5741:  -c  conftest.F >&5
./configure: line 5742: -c: command not found
configure:5747: $? = 127
configure: failed program was:
|       program main
| #ifndef __GNUC__
|        choke me
| #endif
| 
|       end
configure:5773: result: no
configure:5779: checking whether  accepts -g
configure:5791:  -c -g conftest.f >&5
./configure: line 5792: -c: command not found
configure:5797: $? = 127
configure: failed program was:
|       program main
| 
|       end
configure:5822: result: no
configure:5852: checking the maximum length of command line arguments
configure:5961: result: 32768
configure:5972: checking command to parse /usr/bin/nm -B output from gcc object
configure:6077: gcc -c -g -O2  conftest.c >&5
configure:6080: $? = 0
configure:6084: /usr/bin/nm -B conftest.o \| sed -n -e 's/^.*[ 	]\([ABCDGIRSTW][ABCDGIRSTW]*\)[ 	][ 	]*\([_A-Za-z][_A-Za-z0-9]*\)$/\1 \2 \2/p' \> conftest.nm
configure:6087: $? = 0
configure:6139: gcc -o conftest -g -O2   conftest.c conftstm.o >&5
configure:6142: $? = 0
configure:6180: result: ok
configure:6184: checking for objdir
configure:6199: result: .libs
configure:6289: checking for ar
configure:6305: found /usr/bin/ar
configure:6316: result: ar
configure:6369: checking for ranlib
configure:6385: found /usr/bin/ranlib
configure:6396: result: ranlib
configure:6449: checking for strip
configure:6465: found /usr/bin/strip
configure:6476: result: strip
configure:6748: checking if gcc supports -fno-rtti -fno-exceptions
configure:6766: gcc -c -g -O2  -fno-rtti -fno-exceptions conftest.c >&5
cc1: warning: command line option "-fno-rtti" is valid for C++/ObjC++ but not for C
configure:6770: $? = 0
configure:6783: result: no
configure:6798: checking for gcc option to produce PIC
configure:7008: result: -fPIC
configure:7016: checking if gcc PIC flag -fPIC works
configure:7034: gcc -c -g -O2  -fPIC -DPIC conftest.c >&5
configure:7038: $? = 0
configure:7051: result: yes
configure:7079: checking if gcc static flag -static works
configure:7107: result: yes
configure:7117: checking if gcc supports -c -o file.o
configure:7138: gcc -c -g -O2  -o out/conftest2.o conftest.c >&5
configure:7142: $? = 0
configure:7164: result: yes
configure:7190: checking whether the gcc linker (/usr/bin/ld -m elf_x86_64) supports shared libraries
configure:8148: result: yes
configure:8169: checking whether -lc should be explicitly linked in
configure:8174: gcc -c -g -O2  conftest.c >&5
configure:8177: $? = 0
configure:8192: gcc -shared conftest.o  -v -Wl,-soname -Wl,conftest -o conftest 2\>\&1 \| grep  -lc  \>/dev/null 2\>\&1
configure:8195: $? = 0
configure:8207: result: no
configure:8215: checking dynamic linker characteristics
configure:8608: gcc -c -g -O2  conftest.c >&5
configure:8611: $? = 0
configure:8824: result: GNU/Linux ld.so
configure:8833: checking how to hardcode library paths into programs
configure:8858: result: immediate
configure:8872: checking whether stripping libraries is possible
configure:8877: result: yes
configure:9711: checking if libtool supports shared libraries
configure:9713: result: yes
configure:9716: checking whether to build shared libraries
configure:9737: result: yes
configure:9740: checking whether to build static libraries
configure:9744: result: yes
configure:9836: creating libtool
configure:10424: checking for ld used by g++
configure:10491: result: /usr/bin/ld -m elf_x86_64
configure:10500: checking if the linker (/usr/bin/ld -m elf_x86_64) is GNU ld
configure:10515: result: yes
configure:10566: checking whether the g++ linker (/usr/bin/ld -m elf_x86_64) supports shared libraries
configure:11504: result: yes
configure:11522: g++ -c -g -O2  conftest.cpp >&5
configure:11525: $? = 0
configure:11644: checking for g++ option to produce PIC
configure:11918: result: -fPIC
configure:11926: checking if g++ PIC flag -fPIC works
configure:11944: g++ -c -g -O2  -fPIC -DPIC conftest.cpp >&5
configure:11948: $? = 0
configure:11961: result: yes
configure:11989: checking if g++ static flag -static works
configure:12017: result: yes
configure:12027: checking if g++ supports -c -o file.o
configure:12048: g++ -c -g -O2  -o out/conftest2.o conftest.cpp >&5
configure:12052: $? = 0
configure:12074: result: yes
configure:12100: checking whether the g++ linker (/usr/bin/ld -m elf_x86_64) supports shared libraries
configure:12125: result: yes
configure:12192: checking dynamic linker characteristics
configure:12585: g++ -c -g -O2  conftest.cpp >&5
configure:12588: $? = 0
configure:12801: result: GNU/Linux ld.so
configure:12810: checking how to hardcode library paths into programs
configure:12835: result: immediate
configure:19176: checking for default number of processes to spawn in MP code
configure:19183: result: 8
configure:19186: checking for default number of threads to create in threaded code
configure:19193: result: 4
configure:19199: checking whether to link to pthread library
configure:19202: result: yes
configure:19207: checking for pthread_create in -lpthread
configure:19237: gcc -o conftest -g -O2   conftest.c -lpthread   -lpthread >&5
configure:19243: $? = 0
configure:19247: test -z 
			 || test ! -s conftest.err
configure:19250: $? = 0
configure:19253: test -s conftest
configure:19256: $? = 0
configure:19269: result: yes
configure:19294: checking whether to use OpenMP
configure:19307: result: no
configure:19339: checking whether to use MPI
configure:19342: result: no
configure:19653: checking whether to disable memory chunk allocation
configure:19656: result: no
configure:19670: checking whether to enable memory access debugging
configure:19683: result: no - safe wrappers only
configure:19694: checking whether to enable dumping of statistics
configure:19701: result: no
configure:19711: checking whether to enable general GAUL debugging
configure:19719: result: no
configure:19742: checking whether to pad memory to detect overflows
configure:19753: result: no
configure:19761: checking whether to cripple GAUL for windows
configure:19780: result: no
configure:19788: checking for sqrt in -lm
configure:19818: gcc -o conftest -g -O2   conftest.c -lm   -lpthread -lpthread >&5
conftest.c:44: warning: conflicting types for built-in function 'sqrt'
configure:19824: $? = 0
configure:19828: test -z 
			 || test ! -s conftest.err
configure:19831: $? = 0
configure:19834: test -s conftest
configure:19837: $? = 0
configure:19850: result: yes
configure:19860: checking whether to link S-Lang scripting engine
configure:19947: result: no
configure:19956: checking whether to link Electric Fence for memory debugging
configure:20034: result: no
configure:20274: checking for double
configure:20298: gcc -c -g -O2 -Wall  conftest.c >&5
configure:20304: $? = 0
configure:20308: test -z 
			 || test ! -s conftest.err
configure:20311: $? = 0
configure:20314: test -s conftest.o
configure:20317: $? = 0
configure:20328: result: yes
configure:20331: checking size of double
configure:20650: gcc -o conftest -g -O2 -Wall   conftest.c -lm  -lpthread -lpthread >&5
configure:20653: $? = 0
configure:20655: ./conftest
configure:20658: $? = 0
configure:20681: result: 8
configure:20688: checking for char
configure:20712: gcc -c -g -O2 -Wall  conftest.c >&5
configure:20718: $? = 0
configure:20722: test -z 
			 || test ! -s conftest.err
configure:20725: $? = 0
configure:20728: test -s conftest.o
configure:20731: $? = 0
configure:20742: result: yes
configure:20745: checking size of char
configure:21064: gcc -o conftest -g -O2 -Wall   conftest.c -lm  -lpthread -lpthread >&5
configure:21067: $? = 0
configure:21069: ./conftest
configure:21072: $? = 0
configure:21095: result: 1
configure:21102: checking for long
configure:21126: gcc -c -g -O2 -Wall  conftest.c >&5
configure:21132: $? = 0
configure:21136: test -z 
			 || test ! -s conftest.err
configure:21139: $? = 0
configure:21142: test -s conftest.o
configure:21145: $? = 0
configure:21156: result: yes
configure:21159: checking size of long
configure:21478: gcc -o conftest -g -O2 -Wall   conftest.c -lm  -lpthread -lpthread >&5
configure:21481: $? = 0
configure:21483: ./conftest
configure:21486: $? = 0
configure:21509: result: 8
configure:21516: checking for int
configure:21540: gcc -c -g -O2 -Wall  conftest.c >&5
configure:21546: $? = 0
configure:21550: test -z 
			 || test ! -s conftest.err
configure:21553: $? = 0
configure:21556: test -s conftest.o
configure:21559: $? = 0
configure:21570: result: yes
configure:21573: checking size of int
configure:21892: gcc -o conftest -g -O2 -Wall   conftest.c -lm  -lpthread -lpthread >&5
configure:21895: $? = 0
configure:21897: ./conftest
configure:21900: $? = 0
configure:21923: result: 4
configure:21930: checking for void *
configure:21954: gcc -c -g -O2 -Wall  conftest.c >&5
configure:21960: $? = 0
configure:21964: test -z 
			 || test ! -s conftest.err
configure:21967: $? = 0
configure:21970: test -s conftest.o
configure:21973: $? = 0
configure:21984: result: yes
configure:21987: checking size of void *
configure:22306: gcc -o conftest -g -O2 -Wall   conftest.c -lm  -lpthread -lpthread >&5
configure:22309: $? = 0
configure:22311: ./conftest
configure:22314: $? = 0
configure:22337: result: 8
configure:22348: checking for an ANSI C-conforming const
configure:22415: gcc -c -g -O2 -Wall  conftest.c >&5
conftest.c: In function 'main':
conftest.c:71: warning: unused variable 's'
conftest.c:91: warning: unused variable 'foo'
conftest.c:58: warning: unused variable 'zero'
conftest.c:52: warning: unused variable 'x'
conftest.c:73: warning: 't' is used uninitialized in this function
conftest.c:88: warning: 'b' is used uninitialized in this function
configure:22421: $? = 0
configure:22425: test -z 
			 || test ! -s conftest.err
configure:22428: $? = 0
configure:22431: test -s conftest.o
configure:22434: $? = 0
configure:22445: result: yes
configure:22455: checking whether struct tm is in sys/time.h or time.h
configure:22478: gcc -c -g -O2 -Wall  conftest.c >&5
conftest.c: In function 'main':
conftest.c:50: warning: statement with no effect
configure:22484: $? = 0
configure:22488: test -z 
			 || test ! -s conftest.err
configure:22491: $? = 0
configure:22494: test -s conftest.o
configure:22497: $? = 0
configure:22508: result: time.h
configure:22522: checking for ANSI C header files
configure:22678: result: yes
configure:22688: checking whether time.h and sys/time.h may both be included
configure:22713: gcc -c -g -O2 -Wall  conftest.c >&5
configure:22719: $? = 0
configure:22723: test -z 
			 || test ! -s conftest.err
configure:22726: $? = 0
configure:22729: test -s conftest.o
configure:22732: $? = 0
configure:22743: result: yes
configure:22780: checking pwd.h usability
configure:22792: gcc -c -g -O2 -Wall  conftest.c >&5
configure:22798: $? = 0
configure:22802: test -z 
			 || test ! -s conftest.err
configure:22805: $? = 0
configure:22808: test -s conftest.o
configure:22811: $? = 0
configure:22821: result: yes
configure:22825: checking pwd.h presence
configure:22835: gcc -E  conftest.c
configure:22841: $? = 0
configure:22861: result: yes
configure:22896: checking for pwd.h
configure:22903: result: yes
configure:22780: checking sys/select.h usability
configure:22792: gcc -c -g -O2 -Wall  conftest.c >&5
configure:22798: $? = 0
configure:22802: test -z 
			 || test ! -s conftest.err
configure:22805: $? = 0
configure:22808: test -s conftest.o
configure:22811: $? = 0
configure:22821: result: yes
configure:22825: checking sys/select.h presence
configure:22835: gcc -E  conftest.c
configure:22841: $? = 0
configure:22861: result: yes
configure:22896: checking for sys/select.h
configure:22903: result: yes
configure:22780: checking sys/signal.h usability
configure:22792: gcc -c -g -O2 -Wall  conftest.c >&5
configure:22798: $? = 0
configure:22802: test -z 
			 || test ! -s conftest.err
configure:22805: $? = 0
configure:22808: test -s conftest.o
configure:22811: $? = 0
configure:22821: result: yes
configure:22825: checking sys/signal.h presence
configure:22835: gcc -E  conftest.c
configure:22841: $? = 0
configure:22861: result: yes
configure:22896: checking for sys/signal.h
configure:22903: result: yes
configure:22780: checking sys/time.h usability
configure:22792: gcc -c -g -O2 -Wall  conftest.c >&5
configure:22798: $? = 0
configure:22802: test -z 
			 || test ! -s conftest.err
configure:22805: $? = 0
configure:22808: test -s conftest.o
configure:22811: $? = 0
configure:22821: result: yes
configure:22825: checking sys/time.h presence
configure:22835: gcc -E  conftest.c
configure:22841: $? = 0
configure:22861: result: yes
configure:22896: checking for sys/time.h
configure:22903: result: yes
configure:22771: checking for sys/types.h
configure:22776: result: yes
configure:22780: checking sys/wait.h usability
configure:22792: gcc -c -g -O2 -Wall  conftest.c >&5
configure:22798: $? = 0
configure:22802: test -z 
			 || test ! -s conftest.err
configure:22805: $? = 0
configure:22808: test -s conftest.o
configure:22811: $? = 0
configure:22821: result: yes
configure:22825: checking sys/wait.h presence
configure:22835: gcc -E  conftest.c
configure:22841: $? = 0
configure:22861: result: yes
configure:22896: checking for sys/wait.h
configure:22903: result: yes
configure:22780: checking limits.h usability
configure:22792: gcc -c -g -O2 -Wall  conftest.c >&5
configure:22798: $? = 0
configure:22802: test -z 
			 || test ! -s conftest.err
configure:22805: $? = 0
configure:22808: test -s conftest.o
configure:22811: $? = 0
configure:22821: result: yes
configure:22825: checking limits.h presence
configure:22835: gcc -E  conftest.c
configure:22841: $? = 0
configure:22861: result: yes
configure:22896: checking for limits.h
configure:22903: result: yes
configure:22771: checking for unistd.h
configure:22776: result: yes
configure:22771: checking for string.h
configure:22776: result: yes
configure:22771: checking for strings.h
configure:22776: result: yes
configure:22950: checking for gethostname
configure:23007: gcc -o conftest -g -O2 -Wall   conftest.c -lm  -lpthread -lpthread >&5
configure:23013: $? = 0
configure:23017: test -z 
			 || test ! -s conftest.err
configure:23020: $? = 0
configure:23023: test -s conftest
configure:23026: $? = 0
configure:23038: result: yes
configure:22950: checking for waitpid
configure:23007: gcc -o conftest -g -O2 -Wall   conftest.c -lm  -lpthread -lpthread >&5
configure:23013: $? = 0
configure:23017: test -z 
			 || test ! -s conftest.err
configure:23020: $? = 0
configure:23023: test -s conftest
configure:23026: $? = 0
configure:23038: result: yes
configure:22950: checking for snooze
configure:23007: gcc -o conftest -g -O2 -Wall   conftest.c -lm  -lpthread -lpthread >&5
/tmp/ccoQsZGd.o: In function `main':
/home/stewart/gaul-devel-0.1850-0/conftest.c:97: undefined reference to `snooze'
/tmp/ccoQsZGd.o:(.data+0x0): undefined reference to `snooze'
collect2: ld returned 1 exit status
configure:23013: $? = 1
configure: failed program was:
| /* confdefs.h.  */
| 
| #define PACKAGE_NAME "gaul-devel"
| #define PACKAGE_TARNAME "gaul-devel"
| #define PACKAGE_VERSION "0.1850-0"
| #define PACKAGE_STRING "gaul-devel 0.1850-0"
| #define PACKAGE_BUGREPORT "gaul@linux-domain.com"
| #define GA_MAJOR_VERSION 0
| #define GA_MINOR_VERSION 1850
| #define GA_LT_MINOR_VERSION 50
| #define GA_PATCH_VERSION 0
| #define GA_UNAME_STRING "Linux localhost.localdomain 2.6.14-1.1696_FC5 #1 SMP Sat Nov 19 19:00:28 EST 2005 x86_64 x86_64 x86_64 GNU/Linux"
| #define GA_BUILD_DATE_STRING "05/10/06"
| #define GA_VERSION_STRING "0.1850-0"
| #define STDC_HEADERS 1
| #define HAVE_SYS_TYPES_H 1
| #define HAVE_SYS_STAT_H 1
| #define HAVE_STDLIB_H 1
| #define HAVE_STRING_H 1
| #define HAVE_MEMORY_H 1
| #define HAVE_STRINGS_H 1
| #define HAVE_INTTYPES_H 1
| #define HAVE_STDINT_H 1
| #define HAVE_UNISTD_H 1
| #define HAVE_DLFCN_H 1
| #ifdef __cplusplus
| extern "C" void std::exit (int) throw (); using std::exit;
| #endif
| #define GA_DEFAULT_NUM_PROCESSES 8
| #define GA_DEFAULT_NUM_THREADS 4
| #define HAVE_PTHREADS 1
| #define MEMORY_ALLOC_SAFE 1
| #define GA_WRITE_STATS 0
| #define DEBUG 0
| #define GA_DEBUG 0
| #define GA_NUM_PROCESSES_ENVVAR_STRING "GA_NUM_PROCESSES"
| #define GA_NUM_THREADS_ENVVAR_STRING "GA_NUM_THREADS"
| #define SIZEOF_DOUBLE 8
| #define SIZEOF_CHAR 1
| #define SIZEOF_LONG 8
| #define SIZEOF_INT 4
| #define SIZEOF_VOID_P 8
| #define STDC_HEADERS 1
| #define TIME_WITH_SYS_TIME 1
| #define HAVE_PWD_H 1
| #define HAVE_SYS_SELECT_H 1
| #define HAVE_SYS_SIGNAL_H 1
| #define HAVE_SYS_TIME_H 1
| #define HAVE_SYS_TYPES_H 1
| #define HAVE_SYS_WAIT_H 1
| #define HAVE_LIMITS_H 1
| #define HAVE_UNISTD_H 1
| #define HAVE_STRING_H 1
| #define HAVE_STRINGS_H 1
| #define HAVE_GETHOSTNAME 1
| #define HAVE_WAITPID 1
| /* end confdefs.h.  */
| /* Define snooze to an innocuous variant, in case <limits.h> declares snooze.
|    For example, HP-UX 11i <limits.h> declares gettimeofday.  */
| #define snooze innocuous_snooze
| 
| /* System header to define __stub macros and hopefully few prototypes,
|     which can conflict with char snooze (); below.
|     Prefer <limits.h> to <assert.h> if __STDC__ is defined, since
|     <limits.h> exists even on freestanding compilers.  */
| 
| #ifdef __STDC__
| # include <limits.h>
| #else
| # include <assert.h>
| #endif
| 
| #undef snooze
| 
| /* Override any gcc2 internal prototype to avoid an error.  */
| #ifdef __cplusplus
| extern "C"
| {
| #endif
| /* We use char because int might match the return type of a gcc2
|    builtin and then its argument prototype would still apply.  */
| char snooze ();
| /* The GNU C library defines this for functions which it implements
|     to always fail with ENOSYS.  Some functions are actually named
|     something starting with __ and the normal name is an alias.  */
| #if defined (__stub_snooze) || defined (__stub___snooze)
| choke me
| #else
| char (*f) () = snooze;
| #endif
| #ifdef __cplusplus
| }
| #endif
| 
| int
| main ()
| {
| return f != snooze;
|   ;
|   return 0;
| }
configure:23038: result: no
configure:22950: checking for memcpy
configure:23007: gcc -o conftest -g -O2 -Wall   conftest.c -lm  -lpthread -lpthread >&5
conftest.c:82: warning: conflicting types for built-in function 'memcpy'
configure:23013: $? = 0
configure:23017: test -z 
			 || test ! -s conftest.err
configure:23020: $? = 0
configure:23023: test -s conftest
configure:23026: $? = 0
configure:23038: result: yes
configure:22950: checking for memcmp
configure:23007: gcc -o conftest -g -O2 -Wall   conftest.c -lm  -lpthread -lpthread >&5
conftest.c:83: warning: conflicting types for built-in function 'memcmp'
configure:23013: $? = 0
configure:23017: test -z 
			 || test ! -s conftest.err
configure:23020: $? = 0
configure:23023: test -s conftest
configure:23026: $? = 0
configure:23038: result: yes
configure:22950: checking for min
configure:23007: gcc -o conftest -g -O2 -Wall   conftest.c -lm  -lpthread -lpthread >&5
/tmp/ccQcWbdU.o: In function `main':
/home/stewart/gaul-devel-0.1850-0/conftest.c:99: undefined reference to `min'
/tmp/ccQcWbdU.o:(.data+0x0): undefined reference to `min'
collect2: ld returned 1 exit status
configure:23013: $? = 1
configure: failed program was:
| /* confdefs.h.  */
| 
| #define PACKAGE_NAME "gaul-devel"
| #define PACKAGE_TARNAME "gaul-devel"
| #define PACKAGE_VERSION "0.1850-0"
| #define PACKAGE_STRING "gaul-devel 0.1850-0"
| #define PACKAGE_BUGREPORT "gaul@linux-domain.com"
| #define GA_MAJOR_VERSION 0
| #define GA_MINOR_VERSION 1850
| #define GA_LT_MINOR_VERSION 50
| #define GA_PATCH_VERSION 0
| #define GA_UNAME_STRING "Linux localhost.localdomain 2.6.14-1.1696_FC5 #1 SMP Sat Nov 19 19:00:28 EST 2005 x86_64 x86_64 x86_64 GNU/Linux"
| #define GA_BUILD_DATE_STRING "05/10/06"
| #define GA_VERSION_STRING "0.1850-0"
| #define STDC_HEADERS 1
| #define HAVE_SYS_TYPES_H 1
| #define HAVE_SYS_STAT_H 1
| #define HAVE_STDLIB_H 1
| #define HAVE_STRING_H 1
| #define HAVE_MEMORY_H 1
| #define HAVE_STRINGS_H 1
| #define HAVE_INTTYPES_H 1
| #define HAVE_STDINT_H 1
| #define HAVE_UNISTD_H 1
| #define HAVE_DLFCN_H 1
| #ifdef __cplusplus
| extern "C" void std::exit (int) throw (); using std::exit;
| #endif
| #define GA_DEFAULT_NUM_PROCESSES 8
| #define GA_DEFAULT_NUM_THREADS 4
| #define HAVE_PTHREADS 1
| #define MEMORY_ALLOC_SAFE 1
| #define GA_WRITE_STATS 0
| #define DEBUG 0
| #define GA_DEBUG 0
| #define GA_NUM_PROCESSES_ENVVAR_STRING "GA_NUM_PROCESSES"
| #define GA_NUM_THREADS_ENVVAR_STRING "GA_NUM_THREADS"
| #define SIZEOF_DOUBLE 8
| #define SIZEOF_CHAR 1
| #define SIZEOF_LONG 8
| #define SIZEOF_INT 4
| #define SIZEOF_VOID_P 8
| #define STDC_HEADERS 1
| #define TIME_WITH_SYS_TIME 1
| #define HAVE_PWD_H 1
| #define HAVE_SYS_SELECT_H 1
| #define HAVE_SYS_SIGNAL_H 1
| #define HAVE_SYS_TIME_H 1
| #define HAVE_SYS_TYPES_H 1
| #define HAVE_SYS_WAIT_H 1
| #define HAVE_LIMITS_H 1
| #define HAVE_UNISTD_H 1
| #define HAVE_STRING_H 1
| #define HAVE_STRINGS_H 1
| #define HAVE_GETHOSTNAME 1
| #define HAVE_WAITPID 1
| #define HAVE_MEMCPY 1
| #define HAVE_MEMCMP 1
| /* end confdefs.h.  */
| /* Define min to an innocuous variant, in case <limits.h> declares min.
|    For example, HP-UX 11i <limits.h> declares gettimeofday.  */
| #define min innocuous_min
| 
| /* System header to define __stub macros and hopefully few prototypes,
|     which can conflict with char min (); below.
|     Prefer <limits.h> to <assert.h> if __STDC__ is defined, since
|     <limits.h> exists even on freestanding compilers.  */
| 
| #ifdef __STDC__
| # include <limits.h>
| #else
| # include <assert.h>
| #endif
| 
| #undef min
| 
| /* Override any gcc2 internal prototype to avoid an error.  */
| #ifdef __cplusplus
| extern "C"
| {
| #endif
| /* We use char because int might match the return type of a gcc2
|    builtin and then its argument prototype would still apply.  */
| char min ();
| /* The GNU C library defines this for functions which it implements
|     to always fail with ENOSYS.  Some functions are actually named
|     something starting with __ and the normal name is an alias.  */
| #if defined (__stub_min) || defined (__stub___min)
| choke me
| #else
| char (*f) () = min;
| #endif
| #ifdef __cplusplus
| }
| #endif
| 
| int
| main ()
| {
| return f != min;
|   ;
|   return 0;
| }
configure:23038: result: no
configure:22950: checking for max
configure:23007: gcc -o conftest -g -O2 -Wall   conftest.c -lm  -lpthread -lpthread >&5
/tmp/cc45MSmj.o: In function `main':
/home/stewart/gaul-devel-0.1850-0/conftest.c:99: undefined reference to `max'
/tmp/cc45MSmj.o:(.data+0x0): undefined reference to `max'
collect2: ld returned 1 exit status
configure:23013: $? = 1
configure: failed program was:
| /* confdefs.h.  */
| 
| #define PACKAGE_NAME "gaul-devel"
| #define PACKAGE_TARNAME "gaul-devel"
| #define PACKAGE_VERSION "0.1850-0"
| #define PACKAGE_STRING "gaul-devel 0.1850-0"
| #define PACKAGE_BUGREPORT "gaul@linux-domain.com"
| #define GA_MAJOR_VERSION 0
| #define GA_MINOR_VERSION 1850
| #define GA_LT_MINOR_VERSION 50
| #define GA_PATCH_VERSION 0
| #define GA_UNAME_STRING "Linux localhost.localdomain 2.6.14-1.1696_FC5 #1 SMP Sat Nov 19 19:00:28 EST 2005 x86_64 x86_64 x86_64 GNU/Linux"
| #define GA_BUILD_DATE_STRING "05/10/06"
| #define GA_VERSION_STRING "0.1850-0"
| #define STDC_HEADERS 1
| #define HAVE_SYS_TYPES_H 1
| #define HAVE_SYS_STAT_H 1
| #define HAVE_STDLIB_H 1
| #define HAVE_STRING_H 1
| #define HAVE_MEMORY_H 1
| #define HAVE_STRINGS_H 1
| #define HAVE_INTTYPES_H 1
| #define HAVE_STDINT_H 1
| #define HAVE_UNISTD_H 1
| #define HAVE_DLFCN_H 1
| #ifdef __cplusplus
| extern "C" void std::exit (int) throw (); using std::exit;
| #endif
| #define GA_DEFAULT_NUM_PROCESSES 8
| #define GA_DEFAULT_NUM_THREADS 4
| #define HAVE_PTHREADS 1
| #define MEMORY_ALLOC_SAFE 1
| #define GA_WRITE_STATS 0
| #define DEBUG 0
| #define GA_DEBUG 0
| #define GA_NUM_PROCESSES_ENVVAR_STRING "GA_NUM_PROCESSES"
| #define GA_NUM_THREADS_ENVVAR_STRING "GA_NUM_THREADS"
| #define SIZEOF_DOUBLE 8
| #define SIZEOF_CHAR 1
| #define SIZEOF_LONG 8
| #define SIZEOF_INT 4
| #define SIZEOF_VOID_P 8
| #define STDC_HEADERS 1
| #define TIME_WITH_SYS_TIME 1
| #define HAVE_PWD_H 1
| #define HAVE_SYS_SELECT_H 1
| #define HAVE_SYS_SIGNAL_H 1
| #define HAVE_SYS_TIME_H 1
| #define HAVE_SYS_TYPES_H 1
| #define HAVE_SYS_WAIT_H 1
| #define HAVE_LIMITS_H 1
| #define HAVE_UNISTD_H 1
| #define HAVE_STRING_H 1
| #define HAVE_STRINGS_H 1
| #define HAVE_GETHOSTNAME 1
| #define HAVE_WAITPID 1
| #define HAVE_MEMCPY 1
| #define HAVE_MEMCMP 1
| /* end confdefs.h.  */
| /* Define max to an innocuous variant, in case <limits.h> declares max.
|    For example, HP-UX 11i <limits.h> declares gettimeofday.  */
| #define max innocuous_max
| 
| /* System header to define __stub macros and hopefully few prototypes,
|     which can conflict with char max (); below.
|     Prefer <limits.h> to <assert.h> if __STDC__ is defined, since
|     <limits.h> exists even on freestanding compilers.  */
| 
| #ifdef __STDC__
| # include <limits.h>
| #else
| # include <assert.h>
| #endif
| 
| #undef max
| 
| /* Override any gcc2 internal prototype to avoid an error.  */
| #ifdef __cplusplus
| extern "C"
| {
| #endif
| /* We use char because int might match the return type of a gcc2
|    builtin and then its argument prototype would still apply.  */
| char max ();
| /* The GNU C library defines this for functions which it implements
|     to always fail with ENOSYS.  Some functions are actually named
|     something starting with __ and the normal name is an alias.  */
| #if defined (__stub_max) || defined (__stub___max)
| choke me
| #else
| char (*f) () = max;
| #endif
| #ifdef __cplusplus
| }
| #endif
| 
| int
| main ()
| {
| return f != max;
|   ;
|   return 0;
| }
configure:23038: result: no
configure:22950: checking for index
configure:23007: gcc -o conftest -g -O2 -Wall   conftest.c -lm  -lpthread -lpthread >&5
conftest.c:84: warning: conflicting types for built-in function 'index'
configure:23013: $? = 0
configure:23017: test -z 
			 || test ! -s conftest.err
configure:23020: $? = 0
configure:23023: test -s conftest
configure:23026: $? = 0
configure:23038: result: yes
configure:22950: checking for sincos
configure:23007: gcc -o conftest -g -O2 -Wall   conftest.c -lm  -lpthread -lpthread >&5
conftest.c:85: warning: conflicting types for built-in function 'sincos'
configure:23013: $? = 0
configure:23017: test -z 
			 || test ! -s conftest.err
configure:23020: $? = 0
configure:23023: test -s conftest
configure:23026: $? = 0
configure:23038: result: yes
configure:22950: checking for strchr
configure:23007: gcc -o conftest -g -O2 -Wall   conftest.c -lm  -lpthread -lpthread >&5
conftest.c:86: warning: conflicting types for built-in function 'strchr'
configure:23013: $? = 0
configure:23017: test -z 
			 || test ! -s conftest.err
configure:23020: $? = 0
configure:23023: test -s conftest
configure:23026: $? = 0
configure:23038: result: yes
configure:22950: checking for strcmp
configure:23007: gcc -o conftest -g -O2 -Wall   conftest.c -lm  -lpthread -lpthread >&5
conftest.c:87: warning: conflicting types for built-in function 'strcmp'
configure:23013: $? = 0
configure:23017: test -z 
			 || test ! -s conftest.err
configure:23020: $? = 0
configure:23023: test -s conftest
configure:23026: $? = 0
configure:23038: result: yes
configure:22950: checking for strcpy
configure:23007: gcc -o conftest -g -O2 -Wall   conftest.c -lm  -lpthread -lpthread >&5
conftest.c:88: warning: conflicting types for built-in function 'strcpy'
configure:23013: $? = 0
configure:23017: test -z 
			 || test ! -s conftest.err
configure:23020: $? = 0
configure:23023: test -s conftest
configure:23026: $? = 0
configure:23038: result: yes
configure:22950: checking for strpbrk
configure:23007: gcc -o conftest -g -O2 -Wall   conftest.c -lm  -lpthread -lpthread >&5
conftest.c:89: warning: conflicting types for built-in function 'strpbrk'
configure:23013: $? = 0
configure:23017: test -z 
			 || test ! -s conftest.err
configure:23020: $? = 0
configure:23023: test -s conftest
configure:23026: $? = 0
configure:23038: result: yes
configure:22950: checking for strsep
configure:23007: gcc -o conftest -g -O2 -Wall   conftest.c -lm  -lpthread -lpthread >&5
configure:23013: $? = 0
configure:23017: test -z 
			 || test ! -s conftest.err
configure:23020: $? = 0
configure:23023: test -s conftest
configure:23026: $? = 0
configure:23038: result: yes
configure:22950: checking for strcasecmp
configure:23007: gcc -o conftest -g -O2 -Wall   conftest.c -lm  -lpthread -lpthread >&5
conftest.c:91: warning: conflicting types for built-in function 'strcasecmp'
configure:23013: $? = 0
configure:23017: test -z 
			 || test ! -s conftest.err
configure:23020: $? = 0
configure:23023: test -s conftest
configure:23026: $? = 0
configure:23038: result: yes
configure:22950: checking for strncasecmp
configure:23007: gcc -o conftest -g -O2 -Wall   conftest.c -lm  -lpthread -lpthread >&5
conftest.c:92: warning: conflicting types for built-in function 'strncasecmp'
configure:23013: $? = 0
configure:23017: test -z 
			 || test ! -s conftest.err
configure:23020: $? = 0
configure:23023: test -s conftest
configure:23026: $? = 0
configure:23038: result: yes
configure:22950: checking for strdup
configure:23007: gcc -o conftest -g -O2 -Wall   conftest.c -lm  -lpthread -lpthread >&5
conftest.c:93: warning: conflicting types for built-in function 'strdup'
configure:23013: $? = 0
configure:23017: test -z 
			 || test ! -s conftest.err
configure:23020: $? = 0
configure:23023: test -s conftest
configure:23026: $? = 0
configure:23038: result: yes
configure:22950: checking for strndup
configure:23007: gcc -o conftest -g -O2 -Wall   conftest.c -lm  -lpthread -lpthread >&5
conftest.c:94: warning: conflicting types for built-in function 'strndup'
configure:23013: $? = 0
configure:23017: test -z 
			 || test ! -s conftest.err
configure:23020: $? = 0
configure:23023: test -s conftest
configure:23026: $? = 0
configure:23038: result: yes
configure:23058: checking for bcopy
configure:23115: gcc -o conftest -g -O2 -Wall   conftest.c -lm  -lpthread -lpthread >&5
conftest.c:95: warning: conflicting types for built-in function 'bcopy'
configure:23121: $? = 0
configure:23125: test -z 
			 || test ! -s conftest.err
configure:23128: $? = 0
configure:23131: test -s conftest
configure:23134: $? = 0
configure:23146: result: yes
configure:23058: checking for bcmp
configure:23115: gcc -o conftest -g -O2 -Wall   conftest.c -lm  -lpthread -lpthread >&5
conftest.c:96: warning: conflicting types for built-in function 'bcmp'
configure:23121: $? = 0
configure:23125: test -z 
			 || test ! -s conftest.err
configure:23128: $? = 0
configure:23131: test -s conftest
configure:23134: $? = 0
configure:23146: result: yes
configure:23058: checking for strlen
configure:23115: gcc -o conftest -g -O2 -Wall   conftest.c -lm  -lpthread -lpthread >&5
conftest.c:97: warning: conflicting types for built-in function 'strlen'
configure:23121: $? = 0
configure:23125: test -z 
			 || test ! -s conftest.err
configure:23128: $? = 0
configure:23131: test -s conftest
configure:23134: $? = 0
configure:23146: result: yes
configure:23058: checking for strncmp
configure:23115: gcc -o conftest -g -O2 -Wall   conftest.c -lm  -lpthread -lpthread >&5
conftest.c:98: warning: conflicting types for built-in function 'strncmp'
configure:23121: $? = 0
configure:23125: test -z 
			 || test ! -s conftest.err
configure:23128: $? = 0
configure:23131: test -s conftest
configure:23134: $? = 0
configure:23146: result: yes
configure:23058: checking for strncpy
configure:23115: gcc -o conftest -g -O2 -Wall   conftest.c -lm  -lpthread -lpthread >&5
conftest.c:99: warning: conflicting types for built-in function 'strncpy'
configure:23121: $? = 0
configure:23125: test -z 
			 || test ! -s conftest.err
configure:23128: $? = 0
configure:23131: test -s conftest
configure:23134: $? = 0
configure:23146: result: yes
configure:23058: checking for memset
configure:23115: gcc -o conftest -g -O2 -Wall   conftest.c -lm  -lpthread -lpthread >&5
conftest.c:100: warning: conflicting types for built-in function 'memset'
configure:23121: $? = 0
configure:23125: test -z 
			 || test ! -s conftest.err
configure:23128: $? = 0
configure:23131: test -s conftest
configure:23134: $? = 0
configure:23146: result: yes
configure:23058: checking for usleep
configure:23115: gcc -o conftest -g -O2 -Wall   conftest.c -lm  -lpthread -lpthread >&5
configure:23121: $? = 0
configure:23125: test -z 
			 || test ! -s conftest.err
configure:23128: $? = 0
configure:23131: test -s conftest
configure:23134: $? = 0
configure:23146: result: yes
configure:23230: checking whether to apply processor specific optimisations
configure:23273: result: no - none defined for x86_64-redhat-linux-gnu
configure:23282: checking memory alignment
configure:23309: gcc -o conftest -g -O2 -Wall   conftest.c -lm  -lpthread -lpthread >&5
conftest.c: In function 'main':
conftest.c:86: warning: format '%d' expects type 'int', but argument 3 has type 'long unsigned int'
configure:23312: $? = 0
configure:23314: ./conftest
configure:23317: $? = 0
configure:23332: result: 8
configure:23346: checking for working stdbool.h
configure:23367: gcc -c -g -O2 -Wall  conftest.c >&5
conftest.c: In function 'main':
conftest.c:84: warning: unused variable 'blah'
configure:23373: $? = 0
configure:23377: test -z 
			 || test ! -s conftest.err
configure:23380: $? = 0
configure:23383: test -s conftest.o
configure:23386: $? = 0
configure:23397: result: yes
configure:23408: checking for built-in _Bool type
configure:23429: gcc -c -g -O2 -Wall  conftest.c >&5
conftest.c: In function 'main':
conftest.c:85: warning: unused variable 'blah'
configure:23435: $? = 0
configure:23439: test -z 
			 || test ! -s conftest.err
configure:23442: $? = 0
configure:23445: test -s conftest.o
configure:23448: $? = 0
configure:23459: result: yes
configure:23648: creating ./config.status

## ---------------- ##
## Cache variables. ##
## ---------------- ##

ac_cv_build=x86_64-redhat-linux-gnu
ac_cv_build_alias=x86_64-redhat-linux-gnu
ac_cv_c_compiler_gnu=yes
ac_cv_c_const=yes
ac_cv_cxx_compiler_gnu=yes
ac_cv_env_CC_set=
ac_cv_env_CC_value=
ac_cv_env_CFLAGS_set=
ac_cv_env_CFLAGS_value=
ac_cv_env_CPPFLAGS_set=
ac_cv_env_CPPFLAGS_value=
ac_cv_env_CPP_set=
ac_cv_env_CPP_value=
ac_cv_env_CXXCPP_set=
ac_cv_env_CXXCPP_value=
ac_cv_env_CXXFLAGS_set=
ac_cv_env_CXXFLAGS_value=
ac_cv_env_CXX_set=
ac_cv_env_CXX_value=
ac_cv_env_F77_set=
ac_cv_env_F77_value=
ac_cv_env_FFLAGS_set=
ac_cv_env_FFLAGS_value=
ac_cv_env_LDFLAGS_set=
ac_cv_env_LDFLAGS_value=
ac_cv_env_build_alias_set=
ac_cv_env_build_alias_value=
ac_cv_env_host_alias_set=
ac_cv_env_host_alias_value=
ac_cv_env_target_alias_set=
ac_cv_env_target_alias_value=
ac_cv_exeext=
ac_cv_f77_compiler_gnu=no
ac_cv_func_bcmp=yes
ac_cv_func_bcopy=yes
ac_cv_func_gethostname=yes
ac_cv_func_index=yes
ac_cv_func_max=no
ac_cv_func_memcmp=yes
ac_cv_func_memcpy=yes
ac_cv_func_memset=yes
ac_cv_func_min=no
ac_cv_func_sincos=yes
ac_cv_func_snooze=no
ac_cv_func_strcasecmp=yes
ac_cv_func_strchr=yes
ac_cv_func_strcmp=yes
ac_cv_func_strcpy=yes
ac_cv_func_strdup=yes
ac_cv_func_strlen=yes
ac_cv_func_strncasecmp=yes
ac_cv_func_strncmp=yes
ac_cv_func_strncpy=yes
ac_cv_func_strndup=yes
ac_cv_func_strpbrk=yes
ac_cv_func_strsep=yes
ac_cv_func_usleep=yes
ac_cv_func_waitpid=yes
ac_cv_header_dlfcn_h=yes
ac_cv_header_inttypes_h=yes
ac_cv_header_limits_h=yes
ac_cv_header_memory_h=yes
ac_cv_header_pwd_h=yes
ac_cv_header_stdc=yes
ac_cv_header_stdint_h=yes
ac_cv_header_stdlib_h=yes
ac_cv_header_string_h=yes
ac_cv_header_strings_h=yes
ac_cv_header_sys_select_h=yes
ac_cv_header_sys_signal_h=yes
ac_cv_header_sys_stat_h=yes
ac_cv_header_sys_time_h=yes
ac_cv_header_sys_types_h=yes
ac_cv_header_sys_wait_h=yes
ac_cv_header_time=yes
ac_cv_header_unistd_h=yes
ac_cv_host=x86_64-redhat-linux-gnu
ac_cv_host_alias=x86_64-redhat-linux-gnu
ac_cv_lib_m_sqrt=yes
ac_cv_lib_pthread_pthread_create=yes
ac_cv_objext=o
ac_cv_path_install='/usr/bin/install -c'
ac_cv_prog_AWK=gawk
ac_cv_prog_CPP='gcc -E'
ac_cv_prog_CXXCPP='g++ -E'
ac_cv_prog_ac_ct_AR=ar
ac_cv_prog_ac_ct_CC=gcc
ac_cv_prog_ac_ct_CXX=g++
ac_cv_prog_ac_ct_RANLIB=ranlib
ac_cv_prog_ac_ct_STRIP=strip
ac_cv_prog_cc_g=yes
ac_cv_prog_cc_stdc=
ac_cv_prog_cxx_g=yes
ac_cv_prog_egrep='grep -E'
ac_cv_prog_f77_g=no
ac_cv_prog_make_make_set=yes
ac_cv_sizeof_char=1
ac_cv_sizeof_double=8
ac_cv_sizeof_int=4
ac_cv_sizeof_long=8
ac_cv_sizeof_void_p=8
ac_cv_struct_tm=time.h
ac_cv_target=x86_64-redhat-linux-gnu
ac_cv_target_alias=x86_64-redhat-linux-gnu
ac_cv_type_char=yes
ac_cv_type_double=yes
ac_cv_type_int=yes
ac_cv_type_long=yes
ac_cv_type_void_p=yes
am_cv_CC_dependencies_compiler_type=gcc3
am_cv_CXX_dependencies_compiler_type=gcc3
lt_cv_deplibs_check_method=pass_all
lt_cv_file_magic_cmd='$MAGIC_CMD'
lt_cv_file_magic_test_file=
lt_cv_ld_reload_flag=-r
lt_cv_objdir=.libs
lt_cv_path_LD=/usr/bin/ld
lt_cv_path_LDCXX='/usr/bin/ld -m elf_x86_64'
lt_cv_path_NM='/usr/bin/nm -B'
lt_cv_path_SED=/bin/sed
lt_cv_prog_compiler_c_o=yes
lt_cv_prog_compiler_c_o_CXX=yes
lt_cv_prog_compiler_rtti_exceptions=no
lt_cv_prog_gnu_ld=yes
lt_cv_prog_gnu_ldcxx=yes
lt_cv_sys_global_symbol_pipe='sed -n -e '\''s/^.*[ 	]\([ABCDGIRSTW][ABCDGIRSTW]*\)[ 	][ 	]*\([_A-Za-z][_A-Za-z0-9]*\)$/\1 \2 \2/p'\'''
lt_cv_sys_global_symbol_to_c_name_address='sed -n -e '\''s/^: \([^ ]*\) $/  {\"\1\", (lt_ptr) 0},/p'\'' -e '\''s/^[BCDEGRST] \([^ ]*\) \([^ ]*\)$/  {"\2", (lt_ptr) \&\2},/p'\'''
lt_cv_sys_global_symbol_to_cdecl='sed -n -e '\''s/^. .* \(.*\)$/extern int \1;/p'\'''
lt_cv_sys_max_cmd_len=32768
lt_lt_cv_prog_compiler_c_o='"yes"'
lt_lt_cv_prog_compiler_c_o_CXX='"yes"'
lt_lt_cv_sys_global_symbol_pipe='"sed -n -e '\''s/^.*[ 	]\\([ABCDGIRSTW][ABCDGIRSTW]*\\)[ 	][ 	]*\\([_A-Za-z][_A-Za-z0-9]*\\)\$/\\1 \\2 \\2/p'\''"'
lt_lt_cv_sys_global_symbol_to_c_name_address='"sed -n -e '\''s/^: \\([^ ]*\\) \$/  {\\\"\\1\\\", (lt_ptr) 0},/p'\'' -e '\''s/^[BCDEGRST] \\([^ ]*\\) \\([^ ]*\\)\$/  {\"\\2\", (lt_ptr) \\&\\2},/p'\''"'
lt_lt_cv_sys_global_symbol_to_cdecl='"sed -n -e '\''s/^. .* \\(.*\\)\$/extern int \\1;/p'\''"'

## ----------------- ##
## Output variables. ##
## ----------------- ##

ACLOCAL='${SHELL} /home/stewart/gaul-devel-0.1850-0/missing --run aclocal-1.9'
AMDEPBACKSLASH='\'
AMDEP_FALSE='#'
AMDEP_TRUE=''
AMTAR='${SHELL} /home/stewart/gaul-devel-0.1850-0/missing --run tar'
AR='ar'
AS='as'
AUTOCONF='${SHELL} /home/stewart/gaul-devel-0.1850-0/missing --run autoconf'
AUTOHEADER='${SHELL} /home/stewart/gaul-devel-0.1850-0/missing --run autoheader'
AUTOMAKE='${SHELL} /home/stewart/gaul-devel-0.1850-0/missing --run automake-1.9'
AWK='gawk'
CC='gcc'
CCDEPMODE='depmode=gcc3'
CFLAGS='-g -O2 -Wall '
CPP='gcc -E'
CPPFLAGS=''
CXX='g++'
CXXCPP='g++ -E'
CXXDEPMODE='depmode=gcc3'
CXXFLAGS='-g -O2'
CYGPATH_W='echo'
DEFS='-DHAVE_CONFIG_H'
DEPDIR='.deps'
DLLTOOL='dlltool'
ECHO='echo'
ECHO_C=''
ECHO_N='-n'
ECHO_T=''
EGREP='grep -E'
EXEEXT=''
F77=''
FFLAGS=''
GA_BUILD_DATE_STRING=''
GA_LT_MINOR_VERSION='50'
GA_MAJOR_VERSION='0'
GA_MINOR_VERSION='1850'
GA_NUM_PROCESSES_ENVVAR_STRING='"GA_NUM_PROCESSES"'
GA_PATCH_VERSION='0'
GA_UNAME_STRING=''
GA_VERSION='0.1850-0'
GA_VERSION_STRING=''
INSTALL_DATA='${INSTALL} -m 644'
INSTALL_PROGRAM='${INSTALL}'
INSTALL_SCRIPT='${INSTALL}'
INSTALL_STRIP_PROGRAM='${SHELL} $(install_sh) -c -s'
LDFLAGS=''
LIBOBJS=''
LIBS='-lm  -lpthread -lpthread'
LIBTOOL='$(SHELL) $(top_builddir)/libtool'
LN_S='ln -s'
LTLIBOBJS=''
LT_CURRENT='0'
LT_RELEASE='0.50'
LT_REVISION='0'
MAKEINFO='${SHELL} /home/stewart/gaul-devel-0.1850-0/missing --run makeinfo'
MPIFLAGS=''
MPILIBS=''
OBJDUMP='objdump'
OBJEXT='o'
PACKAGE='gaul-devel'
PACKAGE_BUGREPORT='gaul@linux-domain.com'
PACKAGE_NAME='gaul-devel'
PACKAGE_STRING='gaul-devel 0.1850-0'
PACKAGE_TARNAME='gaul-devel'
PACKAGE_VERSION='0.1850-0'
PATH_SEPARATOR=':'
RANLIB='ranlib'
SET_MAKE=''
SHELL='/bin/sh'
STRIP='strip'
VERSION='0.1850-0'
ac_ct_AR='ar'
ac_ct_AS=''
ac_ct_CC='gcc'
ac_ct_CXX='g++'
ac_ct_DLLTOOL=''
ac_ct_F77=''
ac_ct_OBJDUMP=''
ac_ct_RANLIB='ranlib'
ac_ct_STRIP='strip'
am__fastdepCC_FALSE='#'
am__fastdepCC_TRUE=''
am__fastdepCXX_FALSE='#'
am__fastdepCXX_TRUE=''
am__include='include'
am__leading_dot='.'
am__quote=''
am__tar='${AMTAR} chof - "$$tardir"'
am__untar='${AMTAR} xf -'
bindir='${exec_prefix}/bin'
build='x86_64-redhat-linux-gnu'
build_alias=''
build_cpu='x86_64'
build_os='linux-gnu'
build_vendor='redhat'
datadir='${prefix}/share'
exec_prefix='${prefix}'
host='x86_64-redhat-linux-gnu'
host_alias=''
host_cpu='x86_64'
host_os='linux-gnu'
host_vendor='redhat'
includedir='${prefix}/include'
infodir='${prefix}/info'
install_sh='/home/stewart/gaul-devel-0.1850-0/install-sh'
libdir='${exec_prefix}/lib'
libexecdir='${exec_prefix}/libexec'
localstatedir='${prefix}/var'
mandir='${prefix}/man'
mkdir_p='mkdir -p --'
oldincludedir='/usr/include'
prefix='/usr/local'
program_transform_name='s,x,x,'
sbindir='${exec_prefix}/sbin'
sharedstatedir='${prefix}/com'
sysconfdir='${prefix}/etc'
target='x86_64-redhat-linux-gnu'
target_alias=''
target_cpu='x86_64'
target_os='linux-gnu'
target_vendor='redhat'

## ----------- ##
## confdefs.h. ##
## ----------- ##

#define DEBUG 0
#define GA_BUILD_DATE_STRING "05/10/06"
#define GA_DEBUG 0
#define GA_DEFAULT_NUM_PROCESSES 8
#define GA_DEFAULT_NUM_THREADS 4
#define GA_LT_MINOR_VERSION 50
#define GA_MAJOR_VERSION 0
#define GA_MINOR_VERSION 1850
#define GA_NUM_PROCESSES_ENVVAR_STRING "GA_NUM_PROCESSES"
#define GA_NUM_THREADS_ENVVAR_STRING "GA_NUM_THREADS"
#define GA_PATCH_VERSION 0
#define GA_UNAME_STRING "Linux localhost.localdomain 2.6.14-1.1696_FC5 #1 SMP Sat Nov 19 19:00:28 EST 2005 x86_64 x86_64 x86_64 GNU/Linux"
#define GA_VERSION_STRING "0.1850-0"
#define GA_WRITE_STATS 0
#define HAVE_BCMP 1
#define HAVE_BCOPY 1
#define HAVE_DLFCN_H 1
#define HAVE_GETHOSTNAME 1
#define HAVE_INDEX 1
#define HAVE_INTTYPES_H 1
#define HAVE_LIMITS_H 1
#define HAVE_MEMCMP 1
#define HAVE_MEMCPY 1
#define HAVE_MEMORY_H 1
#define HAVE_MEMSET 1
#define HAVE_PTHREADS 1
#define HAVE_PWD_H 1
#define HAVE_SINCOS 1
#define HAVE_STDBOOL_H 1
#define HAVE_STDINT_H 1
#define HAVE_STDLIB_H 1
#define HAVE_STRCASECMP 1
#define HAVE_STRCHR 1
#define HAVE_STRCMP 1
#define HAVE_STRCPY 1
#define HAVE_STRDUP 1
#define HAVE_STRINGS_H 1
#define HAVE_STRINGS_H 1
#define HAVE_STRING_H 1
#define HAVE_STRING_H 1
#define HAVE_STRLEN 1
#define HAVE_STRNCASECMP 1
#define HAVE_STRNCMP 1
#define HAVE_STRNCPY 1
#define HAVE_STRNDUP 1
#define HAVE_STRPBRK 1
#define HAVE_STRSEP 1
#define HAVE_SYS_SELECT_H 1
#define HAVE_SYS_SIGNAL_H 1
#define HAVE_SYS_STAT_H 1
#define HAVE_SYS_TIME_H 1
#define HAVE_SYS_TYPES_H 1
#define HAVE_SYS_TYPES_H 1
#define HAVE_SYS_WAIT_H 1
#define HAVE_UNISTD_H 1
#define HAVE_UNISTD_H 1
#define HAVE_USLEEP 1
#define HAVE_WAITPID 1
#define HAVE__BOOL 1
#define MEMORY_ALIGN_SIZE 8
#define MEMORY_ALLOC_SAFE 1
#define PACKAGE_BUGREPORT "gaul@linux-domain.com"
#define PACKAGE_NAME "gaul-devel"
#define PACKAGE_STRING "gaul-devel 0.1850-0"
#define PACKAGE_TARNAME "gaul-devel"
#define PACKAGE_VERSION "0.1850-0"
#define SIZEOF_CHAR 1
#define SIZEOF_DOUBLE 8
#define SIZEOF_INT 4
#define SIZEOF_LONG 8
#define SIZEOF_VOID_P 8
#define STDC_HEADERS 1
#define STDC_HEADERS 1
#define SUN_FORTE_C 0
#define TIME_WITH_SYS_TIME 1
#endif
#ifdef __cplusplus
extern "C" void std::exit (int) throw (); using std::exit;

configure: exit 0

## ---------------------- ##
## Running config.status. ##
## ---------------------- ##

This file was extended by gaul-devel config.status 0.1850-0, which was
generated by GNU Autoconf 2.59.  Invocation command line was

  CONFIG_FILES    = 
  CONFIG_HEADERS  = 
  CONFIG_LINKS    = 
  CONFIG_COMMANDS = 
  $ ./config.status 

on localhost.localdomain

config.status:804: creating Makefile
config.status:804: creating util/Makefile
config.status:804: creating src/Makefile
config.status:804: creating tests/Makefile
config.status:804: creating debian/Makefile
config.status:804: creating windows/Makefile
config.status:908: creating config.h
config.status:1148: config.h is unchanged
config.status:908: creating util/gaul/gaul_config.h
config.status:1328: executing depfiles commands
config.status:1328: executing default-1 commands
config.status:1328: executing default commands

## ---------------------- ##
## Running config.status. ##
## ---------------------- ##

This file was extended by gaul-devel config.status 0.1850-0, which was
generated by GNU Autoconf 2.59.  Invocation command line was

  CONFIG_FILES    = 
  CONFIG_HEADERS  = 
  CONFIG_LINKS    = 
  CONFIG_COMMANDS = 
  $ ./config.status config.h

on localhost.localdomain

config.status:908: creating config.h
config.status:1148: config.h is unchanged
